#
# A fatal error has been detected by the Java Runtime Environment:
#
#  EXCEPTION_UNCAUGHT_CXX_EXCEPTION (0xe06d7363) at pc=0x000007f997a1aea8, pid=11996, tid=7428
#
# JRE version: Java(TM) SE Runtime Environment (8.0_66-b18) (build 1.8.0_66-b18)
# Java VM: Java HotSpot(TM) 64-Bit Server VM (25.66-b18 mixed mode windows-amd64 compressed oops)
# Problematic frame:
# C  [KERNELBASE.dll+0x4aea8]
#
# Failed to write core dump. Minidumps are not enabled by default on client versions of Windows
#
# If you would like to submit a bug report, please visit:
#   http://bugreport.java.com/bugreport/crash.jsp
#

---------------  T H R E A D  ---------------

Current thread (0x00000000136c8800):  VMThread [stack: 0x0000000014780000,0x0000000014880000] [id=7428]

siginfo: ExceptionCode=0xe06d7363, ExceptionInformation=0x0000000019930520 0x000000001487f648 0x000007f984972cb8 0x000007f9848c0000 

Registers:
RAX=0x000000001487f270, RBX=0x000007f984972cb8, RCX=0x000007fffffdf000, RDX=0x000007f984967b30
RSP=0x000000001487f490, RBP=0x000000001487f5d0, RSI=0x00000000ffffffff, RDI=0x00000000260f8850
R8 =0x0000000000000000, R9 =0x0000000000000000, R10=0x000007f99a9513cc, R11=0x000000001487f010
R12=0x0000000000000001, R13=0x0000000000000008, R14=0x0000000000000000, R15=0xffffffffffffffff
RIP=0x000007f997a1aea8, EFLAGS=0x0000000000000206

Top of Stack: (sp=0x000000001487f490)
0x000000001487f490:   000000000018fa68 000007f984972cb8
0x000000001487f4a0:   00000000ffffffff 00000000260f8850
0x000000001487f4b0:   00000001e06d7363 0000000000000000
0x000000001487f4c0:   000007f997a1aea8 000007f900000004
0x000000001487f4d0:   0000000019930520 000000001487f648
0x000000001487f4e0:   000007f984972cb8 000007f9848c0000
0x000000001487f4f0:   0000000000000000 0000000000000001
0x000000001487f500:   0000000025c36128 0000000000000000
0x000000001487f510:   0000000000000000 0000000025c36060
0x000000001487f520:   0000000000000001 0000000000000000
0x000000001487f530:   00000000ffffffff 000000001487f780
0x000000001487f540:   ffffffffffffffff 0000000000000000
0x000000001487f550:   0000d8560e5c7819 00000000ffffffff
0x000000001487f560:   000007f984972cb8 000007f98491e92c
0x000000001487f570:   00000000c0000001 000000001487f5e0
0x000000001487f580:   0000000000000001 000007f9848c0000 

Instructions: (pc=0x000007f997a1aea8)
0x000007f997a1ae88:   44 3b c0 44 0f 47 c0 44 89 44 24 38 49 c1 e0 03
0x000007f997a1ae98:   e8 13 67 fb ff 48 8d 4c 24 20 ff 15 78 e8 09 00
0x000007f997a1aea8:   48 8b 8c 24 c0 00 00 00 48 33 cc e8 38 66 fb ff
0x000007f997a1aeb8:   48 81 c4 d8 00 00 00 c3 83 64 24 38 00 eb d6 cc 


Register to memory mapping:

RAX=0x000000001487f270 is an unknown value
RBX=0x000007f984972cb8 is an unknown value
RCX=0x000007fffffdf000 is an unknown value
RDX=0x000007f984967b30 is an unknown value
RSP=0x000000001487f490 is an unknown value
RBP=0x000000001487f5d0 is an unknown value
RSI=0x00000000ffffffff is an unallocated location in the heap
RDI=0x00000000260f8850 is an unknown value
R8 =0x0000000000000000 is an unknown value
R9 =0x0000000000000000 is an unknown value
R10=0x000007f99a9513cc is an unknown value
R11=0x000000001487f010 is an unknown value
R12=0x0000000000000001 is an unknown value
R13=0x0000000000000008 is an unknown value
R14=0x0000000000000000 is an unknown value
R15=0xffffffffffffffff is an unknown value


Stack: [0x0000000014780000,0x0000000014880000],  sp=0x000000001487f490,  free space=1021k
Native frames: (J=compiled Java code, j=interpreted, Vv=VM code, C=native code)
C  [KERNELBASE.dll+0x4aea8]
C  [MSVCR110.dll+0x5e92c]
C  [MSVCR110.dll+0x1315c]
C  [MSVCR110.dll+0x136a9]
C  [MSVCR110.dll+0x13e9c]
C  [MSVCR110.dll+0x239e]
C  [MSVCR110.dll+0xaf9e]
C  [MSVCP110.dll+0x397b9]
C  [librdi_common.dll+0x182156]
C  [librdi_common.dll+0x180deb]
C  0x000007f9877f2400
C  0x000007f9877f2682
C  [ntdll.dll+0xebdf]
C  [ntdll.dll+0x3dc04]
C  [ntdll.dll+0x3dab0]
C  [KERNEL32.DLL+0x449a]
C  [MSVCR100.dll+0x20ccd]
V  [jvm.dll+0x210cc5]
V  [jvm.dll+0x249897]
V  [jvm.dll+0x248b36]
V  [jvm.dll+0x248fd1]
V  [jvm.dll+0x2491ee]
V  [jvm.dll+0x29a0fa]
C  [MSVCR100.dll+0x21d9f]
C  [MSVCR100.dll+0x21e3b]
C  [KERNEL32.DLL+0x1842]
C  [ntdll.dll+0x40dfd]

VM_Operation (0x000000000013f4c0): Exit, mode: safepoint, requested by thread 0x00000000021b2800


---------------  P R O C E S S  ---------------

Java Threads: ( => current thread )
  0x0000000020e7c800 JavaThread "Spawner Reaper" daemon [_thread_in_native, id=11976, stack(0x0000000036250000,0x0000000036350000)]
  0x0000000020e7e000 JavaThread "pool-2-thread-10" [_thread_blocked, id=12640, stack(0x0000000036150000,0x0000000036250000)]
  0x0000000020e82000 JavaThread "pool-2-thread-9" [_thread_blocked, id=14544, stack(0x000000003b2a0000,0x000000003b3a0000)]
  0x0000000020e7d800 JavaThread "Set STDIO Tab defaults" [_thread_blocked, id=8364, stack(0x000000003b1a0000,0x000000003b2a0000)]
  0x000000001fecb000 JavaThread "pool-2-thread-8" [_thread_blocked, id=9628, stack(0x00000000368d0000,0x00000000369d0000)]
  0x0000000016c7d000 JavaThread "pool-2-thread-7" [_thread_blocked, id=15880, stack(0x0000000035f50000,0x0000000036050000)]
  0x0000000016ef4000 JavaThread "pool-2-thread-6" [_thread_blocked, id=1180, stack(0x0000000035d50000,0x0000000035e50000)]
  0x000000001fecc800 JavaThread "pool-2-thread-5" [_thread_blocked, id=6084, stack(0x0000000036ac0000,0x0000000036bc0000)]
  0x0000000016c80000 JavaThread "pool-2-thread-4" [_thread_blocked, id=9224, stack(0x00000000365d0000,0x00000000366d0000)]
  0x0000000016c81800 JavaThread "pool-2-thread-3" [_thread_blocked, id=17148, stack(0x0000000035c50000,0x0000000035d50000)]
  0x000000001d9a9000 JavaThread "pool-2-thread-2" [_thread_blocked, id=9688, stack(0x0000000035b50000,0x0000000035c50000)]
  0x000000001d9ae800 JavaThread "pool-2-thread-1" [_thread_blocked, id=10352, stack(0x000000002af90000,0x000000002b090000)]
  0x00000000166f4800 JavaThread "Thread-149" daemon [_thread_blocked, id=15088, stack(0x0000000035a50000,0x0000000035b50000)]
  0x00000000166f9000 JavaThread "EventThread COM16" [_thread_in_native, id=10436, stack(0x0000000025250000,0x0000000025350000)]
  0x0000000016ef2800 JavaThread "TCF Locator DNS Lookup" daemon [_thread_blocked, id=13240, stack(0x0000000023440000,0x0000000023540000)]
  0x0000000016ef5800 JavaThread "TCF Locator Timer" daemon [_thread_blocked, id=9264, stack(0x0000000023340000,0x0000000023440000)]
  0x0000000016ef1800 JavaThread "TCF Locator Receiver" daemon [_thread_in_native, id=16784, stack(0x0000000023240000,0x0000000023340000)]
  0x0000000016ef6000 JavaThread "TCF Timer Dispatcher" daemon [_thread_blocked, id=12576, stack(0x0000000022d50000,0x0000000022e50000)]
  0x0000000015a1c000 JavaThread "EMF Reference Cleaner" daemon [_thread_blocked, id=15568, stack(0x000000001cd00000,0x000000001ce00000)]
  0x00000000150d6000 JavaThread "Service Thread" daemon [_thread_blocked, id=10300, stack(0x0000000015740000,0x0000000015840000)]
  0x0000000015052800 JavaThread "C1 CompilerThread2" daemon [_thread_blocked, id=4552, stack(0x0000000015640000,0x0000000015740000)]
  0x000000001504c800 JavaThread "C2 CompilerThread1" daemon [_thread_blocked, id=12796, stack(0x0000000015540000,0x0000000015640000)]
  0x0000000015040800 JavaThread "C2 CompilerThread0" daemon [_thread_blocked, id=15732, stack(0x0000000015440000,0x0000000015540000)]
  0x0000000013711000 JavaThread "Attach Listener" daemon [_thread_blocked, id=15412, stack(0x0000000014f40000,0x0000000015040000)]
  0x0000000013710000 JavaThread "Signal Dispatcher" daemon [_thread_blocked, id=8332, stack(0x0000000014e40000,0x0000000014f40000)]
  0x00000000022a7800 JavaThread "Finalizer" daemon [_thread_blocked, id=16588, stack(0x0000000014980000,0x0000000014a80000)]
  0x000000000229e800 JavaThread "Reference Handler" daemon [_thread_blocked, id=11472, stack(0x0000000014880000,0x0000000014980000)]
  0x00000000021b2800 JavaThread "main" [_thread_blocked, id=10084, stack(0x0000000000040000,0x0000000000140000)]

Other Threads:
=>0x00000000136c8800 VMThread [stack: 0x0000000014780000,0x0000000014880000] [id=7428]

VM state:at safepoint (shutting down)

VM Mutex/Monitor currently owned by a thread:  ([mutex/lock_event])
[0x00000000022dd160] Threads_lock - owner thread: 0x00000000136c8800

Heap:
 PSYoungGen      total 103424K, used 43831K [0x00000000f5580000, 0x00000000fdf80000, 0x0000000100000000)
  eden space 98304K, 39% used [0x00000000f5580000,0x00000000f7bacf60,0x00000000fb580000)
  from space 5120K, 92% used [0x00000000fb880000,0x00000000fbd21020,0x00000000fbd80000)
  to   space 21504K, 0% used [0x00000000fca80000,0x00000000fca80000,0x00000000fdf80000)
 ParOldGen       total 103936K, used 56280K [0x00000000e0000000, 0x00000000e6580000, 0x00000000f5580000)
  object space 103936K, 54% used [0x00000000e0000000,0x00000000e36f62d0,0x00000000e6580000)
 Metaspace       used 97901K, capacity 105904K, committed 106136K, reserved 1140736K
  class space    used 11803K, capacity 14468K, committed 14512K, reserved 1048576K

Card table byte_map: [0x00000000116a0000,0x00000000117b0000] byte_map_base: 0x0000000010fa0000

Marking Bits: (ParMarkBitMap*) 0x00000000695ba5b0
 Begin Bits: [0x0000000011c60000, 0x0000000012460000)
 End Bits:   [0x0000000012460000, 0x0000000012c60000)

Polling page: 0x00000000003e0000

CodeCache: size=245760Kb used=50267Kb max_used=50797Kb free=195492Kb
 bounds [0x00000000022e0000, 0x0000000005500000, 0x00000000112e0000]
 total_blobs=13976 nmethods=13039 adapters=843
 compilation: enabled

Compilation events (10 events):
Event: 1105.759 Thread 0x0000000015052800 nmethod 16462 0x00000000045e9910 code [0x00000000045e9ae0, 0x00000000045ea458]
Event: 1105.759 Thread 0x0000000015052800 16475       3       org.eclipse.osgi.internal.framework.EquinoxContainerAdaptor::clearManifestCache (84 bytes)
Event: 1105.761 Thread 0x0000000015052800 nmethod 16475 0x00000000047a08d0 code [0x00000000047a0b20, 0x00000000047a2238]
Event: 1105.762 Thread 0x0000000015052800 16476   !   3       org.eclipse.osgi.storage.BundleInfo$Generation::clearManifestCache (30 bytes)
Event: 1105.763 Thread 0x0000000015052800 nmethod 16476 0x0000000003372c50 code [0x0000000003372de0, 0x0000000003373428]
Event: 1105.764 Thread 0x0000000015052800 16461       3       org.eclipse.osgi.storage.bundlefile.BundleFile::setMruIndex (6 bytes)
Event: 1105.764 Thread 0x0000000015052800 nmethod 16461 0x000000000293f650 code [0x000000000293f7a0, 0x000000000293f8f0]
Event: 1105.764 Thread 0x0000000015052800 16463   !   3       org.eclipse.osgi.storage.BundleInfo$Generation::close (34 bytes)
Event: 1105.765 Thread 0x0000000015052800 nmethod 16463 0x0000000003c0c850 code [0x0000000003c0c9c0, 0x0000000003c0cde8]
Event: 1105.918 Thread 0x0000000015040800 nmethod 16438 0x00000000054e3310 code [0x00000000054e3900, 0x00000000054ea860]

GC Heap History (10 events):
Event: 897.122 GC heap before
{Heap before GC invocations=39 (full 12):
 PSYoungGen      total 138752K, used 115351K [0x00000000f5580000, 0x00000000ffb80000, 0x0000000100000000)
  eden space 111616K, 100% used [0x00000000f5580000,0x00000000fc280000,0x00000000fc280000)
  from space 27136K, 13% used [0x00000000fe100000,0x00000000fe4a5c70,0x00000000ffb80000)
  to   space 29184K, 0% used [0x00000000fc280000,0x00000000fc280000,0x00000000fdf00000)
 ParOldGen       total 103936K, used 56248K [0x00000000e0000000, 0x00000000e6580000, 0x00000000f5580000)
  object space 103936K, 54% used [0x00000000e0000000,0x00000000e36ee2d0,0x00000000e6580000)
 Metaspace       used 95630K, capacity 103828K, committed 103960K, reserved 1138688K
  class space    used 11578K, capacity 14104K, committed 14128K, reserved 1048576K
Event: 897.130 GC heap after
Heap after GC invocations=39 (full 12):
 PSYoungGen      total 140800K, used 3661K [0x00000000f5580000, 0x00000000fff00000, 0x0000000100000000)
  eden space 111616K, 0% used [0x00000000f5580000,0x00000000f5580000,0x00000000fc280000)
  from space 29184K, 12% used [0x00000000fc280000,0x00000000fc613410,0x00000000fdf00000)
  to   space 27648K, 0% used [0x00000000fe400000,0x00000000fe400000,0x00000000fff00000)
 ParOldGen       total 103936K, used 56256K [0x00000000e0000000, 0x00000000e6580000, 0x00000000f5580000)
  object space 103936K, 54% used [0x00000000e0000000,0x00000000e36f02d0,0x00000000e6580000)
 Metaspace       used 95630K, capacity 103828K, committed 103960K, reserved 1138688K
  class space    used 11578K, capacity 14104K, committed 14128K, reserved 1048576K
}
Event: 940.031 GC heap before
{Heap before GC invocations=40 (full 12):
 PSYoungGen      total 140800K, used 115277K [0x00000000f5580000, 0x00000000fff00000, 0x0000000100000000)
  eden space 111616K, 100% used [0x00000000f5580000,0x00000000fc280000,0x00000000fc280000)
  from space 29184K, 12% used [0x00000000fc280000,0x00000000fc613410,0x00000000fdf00000)
  to   space 27648K, 0% used [0x00000000fe400000,0x00000000fe400000,0x00000000fff00000)
 ParOldGen       total 103936K, used 56256K [0x00000000e0000000, 0x00000000e6580000, 0x00000000f5580000)
  object space 103936K, 54% used [0x00000000e0000000,0x00000000e36f02d0,0x00000000e6580000)
 Metaspace       used 95919K, capacity 104002K, committed 104344K, reserved 1138688K
  class space    used 11588K, capacity 14140K, committed 14256K, reserved 1048576K
Event: 940.040 GC heap after
Heap after GC invocations=40 (full 12):
 PSYoungGen      total 121344K, used 4631K [0x00000000f5580000, 0x00000000ff100000, 0x0000000100000000)
  eden space 108032K, 0% used [0x00000000f5580000,0x00000000f5580000,0x00000000fbf00000)
  from space 13312K, 34% used [0x00000000fe400000,0x00000000fe885cc8,0x00000000ff100000)
  to   space 25600K, 0% used [0x00000000fbf00000,0x00000000fbf00000,0x00000000fd800000)
 ParOldGen       total 103936K, used 56264K [0x00000000e0000000, 0x00000000e6580000, 0x00000000f5580000)
  object space 103936K, 54% used [0x00000000e0000000,0x00000000e36f22d0,0x00000000e6580000)
 Metaspace       used 95919K, capacity 104002K, committed 104344K, reserved 1138688K
  class space    used 11588K, capacity 14140K, committed 14256K, reserved 1048576K
}
Event: 988.352 GC heap before
{Heap before GC invocations=41 (full 12):
 PSYoungGen      total 121344K, used 112663K [0x00000000f5580000, 0x00000000ff100000, 0x0000000100000000)
  eden space 108032K, 100% used [0x00000000f5580000,0x00000000fbf00000,0x00000000fbf00000)
  from space 13312K, 34% used [0x00000000fe400000,0x00000000fe885cc8,0x00000000ff100000)
  to   space 25600K, 0% used [0x00000000fbf00000,0x00000000fbf00000,0x00000000fd800000)
 ParOldGen       total 103936K, used 56264K [0x00000000e0000000, 0x00000000e6580000, 0x00000000f5580000)
  object space 103936K, 54% used [0x00000000e0000000,0x00000000e36f22d0,0x00000000e6580000)
 Metaspace       used 96758K, capacity 104906K, committed 105240K, reserved 1140736K
  class space    used 11682K, capacity 14271K, committed 14384K, reserved 1048576K
Event: 988.360 GC heap after
Heap after GC invocations=41 (full 12):
 PSYoungGen      total 109568K, used 4813K [0x00000000f5580000, 0x00000000fea80000, 0x0000000100000000)
  eden space 104448K, 0% used [0x00000000f5580000,0x00000000f5580000,0x00000000fbb80000)
  from space 5120K, 94% used [0x00000000fbf00000,0x00000000fc3b3408,0x00000000fc400000)
  to   space 24064K, 0% used [0x00000000fd300000,0x00000000fd300000,0x00000000fea80000)
 ParOldGen       total 103936K, used 56272K [0x00000000e0000000, 0x00000000e6580000, 0x00000000f5580000)
  object space 103936K, 54% used [0x00000000e0000000,0x00000000e36f42d0,0x00000000e6580000)
 Metaspace       used 96758K, capacity 104906K, committed 105240K, reserved 1140736K
  class space    used 11682K, capacity 14271K, committed 14384K, reserved 1048576K
}
Event: 1044.596 GC heap before
{Heap before GC invocations=42 (full 12):
 PSYoungGen      total 109568K, used 109261K [0x00000000f5580000, 0x00000000fea80000, 0x0000000100000000)
  eden space 104448K, 100% used [0x00000000f5580000,0x00000000fbb80000,0x00000000fbb80000)
  from space 5120K, 94% used [0x00000000fbf00000,0x00000000fc3b3408,0x00000000fc400000)
  to   space 24064K, 0% used [0x00000000fd300000,0x00000000fd300000,0x00000000fea80000)
 ParOldGen       total 103936K, used 56272K [0x00000000e0000000, 0x00000000e6580000, 0x00000000f5580000)
  object space 103936K, 54% used [0x00000000e0000000,0x00000000e36f42d0,0x00000000e6580000)
 Metaspace       used 96817K, capacity 104970K, committed 105240K, reserved 1140736K
  class space    used 11683K, capacity 14271K, committed 14384K, reserved 1048576K
Event: 1044.603 GC heap after
Heap after GC invocations=42 (full 12):
 PSYoungGen      total 120320K, used 4085K [0x00000000f5580000, 0x00000000fe580000, 0x0000000100000000)
  eden space 101376K, 0% used [0x00000000f5580000,0x00000000f5580000,0x00000000fb880000)
  from space 18944K, 21% used [0x00000000fd300000,0x00000000fd6fd550,0x00000000fe580000)
  to   space 23040K, 0% used [0x00000000fb880000,0x00000000fb880000,0x00000000fcf00000)
 ParOldGen       total 103936K, used 56272K [0x00000000e0000000, 0x00000000e6580000, 0x00000000f5580000)
  object space 103936K, 54% used [0x00000000e0000000,0x00000000e36f42d0,0x00000000e6580000)
 Metaspace       used 96817K, capacity 104970K, committed 105240K, reserved 1140736K
  class space    used 11683K, capacity 14271K, committed 14384K, reserved 1048576K
}
Event: 1101.111 GC heap before
{Heap before GC invocations=43 (full 12):
 PSYoungGen      total 120320K, used 105461K [0x00000000f5580000, 0x00000000fe580000, 0x0000000100000000)
  eden space 101376K, 100% used [0x00000000f5580000,0x00000000fb880000,0x00000000fb880000)
  from space 18944K, 21% used [0x00000000fd300000,0x00000000fd6fd550,0x00000000fe580000)
  to   space 23040K, 0% used [0x00000000fb880000,0x00000000fb880000,0x00000000fcf00000)
 ParOldGen       total 103936K, used 56272K [0x00000000e0000000, 0x00000000e6580000, 0x00000000f5580000)
  object space 103936K, 54% used [0x00000000e0000000,0x00000000e36f42d0,0x00000000e6580000)
 Metaspace       used 97218K, capacity 105360K, committed 105496K, reserved 1140736K
  class space    used 11718K, capacity 14336K, committed 14384K, reserved 1048576K
Event: 1101.124 GC heap after
Heap after GC invocations=43 (full 12):
 PSYoungGen      total 103424K, used 4740K [0x00000000f5580000, 0x00000000fdf80000, 0x0000000100000000)
  eden space 98304K, 0% used [0x00000000f5580000,0x00000000f5580000,0x00000000fb580000)
  from space 5120K, 92% used [0x00000000fb880000,0x00000000fbd21020,0x00000000fbd80000)
  to   space 21504K, 0% used [0x00000000fca80000,0x00000000fca80000,0x00000000fdf80000)
 ParOldGen       total 103936K, used 56280K [0x00000000e0000000, 0x00000000e6580000, 0x00000000f5580000)
  object space 103936K, 54% used [0x00000000e0000000,0x00000000e36f62d0,0x00000000e6580000)
 Metaspace       used 97218K, capacity 105360K, committed 105496K, reserved 1140736K
  class space    used 11718K, capacity 14336K, committed 14384K, reserved 1048576K
}

Deoptimization events (10 events):
Event: 1103.973 Thread 0x0000000020e7f000 Uncommon trap: reason=predicate action=maybe_recompile pc=0x0000000003918f90 method=java.util.concurrent.CopyOnWriteArrayList.indexOf(Ljava/lang/Object;[Ljava/lang/Object;II)I @ 41
Event: 1103.974 Thread 0x0000000020e7f000 Uncommon trap: reason=unstable_if action=reinterpret pc=0x00000000037eafc0 method=org.eclipse.ui.internal.UILockListener.isUI()Z @ 7
Event: 1103.974 Thread 0x0000000020e7f000 Uncommon trap: reason=unstable_if action=reinterpret pc=0x0000000002fef170 method=org.eclipse.osgi.internal.hooks.EclipseLazyStarter.shouldActivateFor(Ljava/lang/String;Lorg/eclipse/osgi/container/Module;Lorg/eclipse/osgi/container/ModuleRevision;Lorg/ecliÅ]Ï‘Á?ë@
Event: 1103.976 Thread 0x0000000020e7f000 Uncommon trap: reason=unstable_if action=reinterpret pc=0x0000000003154f24 method=org.eclipse.swt.graphics.Resource.dispose()V @ 15
Event: 1103.984 Thread 0x0000000020e7f000 Uncommon trap: reason=unstable_if action=reinterpret pc=0x00000000026804fc method=sun.nio.cs.UTF_8$Encoder.encodeArrayLoop(Ljava/nio/CharBuffer;Ljava/nio/ByteBuffer;)Ljava/nio/charset/CoderResult; @ 87
Event: 1104.673 Thread 0x0000000020e7f000 Uncommon trap: reason=unstable_if action=reinterpret pc=0x0000000003bdd7c0 method=org.eclipse.swt.widgets.Display.getDefault()Lorg/eclipse/swt/widgets/Display; @ 8
Event: 1104.794 Thread 0x00000000150c5000 Uncommon trap: reason=unstable_if action=reinterpret pc=0x0000000002dd361c method=org.eclipse.osgi.internal.framework.BundleContextImpl.dispatchEvent(Ljava/lang/Object;Ljava/lang/Object;ILjava/lang/Object;)V @ 16
Event: 1104.822 Thread 0x0000000020e7f000 Uncommon trap: reason=class_check action=maybe_recompile pc=0x0000000002c97d28 method=org.eclipse.osgi.internal.loader.BundleLoader.findImportedSource(Ljava/lang/String;Ljava/util/Collection;)Lorg/eclipse/osgi/internal/loader/sources/PackageSource; @ 16
Event: 1105.713 Thread 0x000000001fecc000 Uncommon trap: reason=unstable_if action=reinterpret pc=0x0000000004696878 method=org.eclipse.core.internal.jobs.JobManager.nextJob()Lorg/eclipse/core/runtime/jobs/Job; @ 80
Event: 1105.738 Thread 0x0000000020e7f000 Uncommon trap: reason=unstable_if action=reinterpret pc=0x000000000362545c method=sun.reflect.UnsafeStaticObjectFieldAccessorImpl.set(Ljava/lang/Object;Ljava/lang/Object;)V @ 13

Internal exceptions (10 events):
Event: 1102.371 Thread 0x000000001feca800 Exception <a 'java/lang/InterruptedException'> (0x00000000f6826288) thrown at [C:\re\workspace\8-2-build-windows-amd64-cygwin\jdk8u66\5298\hotspot\src\share\vm\runtime\objectMonitor.cpp, line 1683]
Event: 1102.498 Thread 0x00000000021b2800 Implicit null exception at 0x000000000312db35 to 0x000000000312e111
Event: 1102.524 Thread 0x00000000021b2800 Implicit null exception at 0x00000000051a2a1f to 0x00000000051a5b19
Event: 1103.441 Thread 0x000000001d9af000 Exception <a 'java/lang/InterruptedException'> (0x00000000f7582818) thrown at [C:\re\workspace\8-2-build-windows-amd64-cygwin\jdk8u66\5298\hotspot\src\share\vm\runtime\objectMonitor.cpp, line 1683]
Event: 1105.711 Thread 0x0000000016ef3000 Exception <a 'java/lang/InterruptedException'> (0x00000000f710ca20) thrown at [C:\re\workspace\8-2-build-windows-amd64-cygwin\jdk8u66\5298\hotspot\src\share\vm\runtime\objectMonitor.cpp, line 1683]
Event: 1105.738 Thread 0x0000000020e7f000 Implicit null exception at 0x0000000003625053 to 0x0000000003625449
Event: 1105.738 Thread 0x00000000150c5000 Exception <a 'java/lang/InterruptedException'> (0x00000000f7949d78) thrown at [C:\re\workspace\8-2-build-windows-amd64-cygwin\jdk8u66\5298\hotspot\src\share\vm\runtime\objectMonitor.cpp, line 1683]
Event: 1105.743 Thread 0x0000000016ef7800 Exception <a 'java/lang/InterruptedException'> (0x00000000f61df908) thrown at [C:\re\workspace\8-2-build-windows-amd64-cygwin\jdk8u66\5298\hotspot\src\share\vm\runtime\objectMonitor.cpp, line 1683]
Event: 1105.778 Thread 0x0000000015d37000 Exception <a 'java/lang/InterruptedException'> (0x00000000f7b320a8) thrown at [C:\re\workspace\8-2-build-windows-amd64-cygwin\jdk8u66\5298\hotspot\src\share\vm\runtime\objectMonitor.cpp, line 1683]
Event: 1105.801 Thread 0x0000000020e80800 Exception <a 'java/io/IOException'> (0x00000000f7b96c98) thrown at [C:\re\workspace\8-2-build-windows-amd64-cygwin\jdk8u66\5298\hotspot\src\share\vm\prims\jni.cpp, line 709]

Events (10 events):
Event: 1105.800 Executing VM operation: RevokeBias
Event: 1105.800 Executing VM operation: RevokeBias done
Event: 1105.800 Executing VM operation: RevokeBias
Event: 1105.800 Executing VM operation: RevokeBias done
Event: 1105.800 Executing VM operation: RevokeBias
Event: 1105.800 Executing VM operation: RevokeBias done
Event: 1105.801 Executing VM operation: RevokeBias
Event: 1105.801 Executing VM operation: RevokeBias done
Event: 1105.801 Thread 0x0000000020e80800 Thread exited: 0x0000000020e80800
Event: 1106.052 Executing VM operation: Exit


Dynamic libraries:
0x0000000000400000 - 0x000000000044f000 	D:\vivado\SDK\2016.1\eclipse\win64.o\eclipse.exe
0x000007f99a940000 - 0x000007f99aafe000 	C:\Windows\SYSTEM32\ntdll.dll
0x000007f99a800000 - 0x000007f99a937000 	C:\Windows\system32\KERNEL32.DLL
0x000007f9979d0000 - 0x000007f997ac4000 	C:\Windows\system32\KERNELBASE.dll
0x000007f99a160000 - 0x000007f99a2ac000 	C:\Windows\system32\USER32.dll
0x000007f9955f0000 - 0x000007f99585a000 	C:\Windows\WinSxS\amd64_microsoft.windows.common-controls_6595b64144ccf1df_6.0.9200.17359_none_4188b989718cf1c6\COMCTL32.dll
0x000007f997d10000 - 0x000007f997db5000 	C:\Windows\system32\msvcrt.dll
0x000007f9995d0000 - 0x000007f999711000 	C:\Windows\system32\GDI32.dll
0x000007f999d80000 - 0x000007f999db9000 	C:\Windows\system32\IMM32.DLL
0x000007f999720000 - 0x000007f999835000 	C:\Windows\system32\MSCTF.dll
0x0000000072000000 - 0x0000000072012000 	D:\vivado\SDK\2016.1\eclipse\win64.o\plugins\org.eclipse.equinox.launcher.win32.win32.x86_64_1.1.300.v20150602-1417\eclipse_1611.dll
0x000007f999a60000 - 0x000007f999b3e000 	C:\Windows\system32\ADVAPI32.dll
0x000007f993f90000 - 0x000007f993f99000 	C:\Windows\SYSTEM32\VERSION.dll
0x000007f999c60000 - 0x000007f999ca8000 	C:\Windows\SYSTEM32\sechost.dll
0x000007f99a4e0000 - 0x000007f99a625000 	C:\Windows\system32\RPCRT4.dll
0x000007f996650000 - 0x000007f996736000 	C:\Windows\system32\uxtheme.dll
0x0000000068db0000 - 0x0000000069639000 	D:\vivado\SDK\2016.1\tps\win64\jre\bin\server\jvm.dll
0x000007f982c70000 - 0x000007f982c79000 	C:\Windows\SYSTEM32\WSOCK32.dll
0x000007f993f60000 - 0x000007f993f80000 	C:\Windows\SYSTEM32\WINMM.dll
0x000007f999bf0000 - 0x000007f999bf7000 	C:\Windows\system32\PSAPI.DLL
0x000000006b190000 - 0x000000006b262000 	C:\Windows\SYSTEM32\MSVCR100.dll
0x000007f999c00000 - 0x000007f999c58000 	C:\Windows\system32\WS2_32.dll
0x000007f991aa0000 - 0x000007f991ad3000 	C:\Windows\SYSTEM32\WINMMBASE.dll
0x000007f99a4d0000 - 0x000007f99a4d9000 	C:\Windows\system32\NSI.dll
0x000007f9978a0000 - 0x000007f9978ef000 	C:\Windows\SYSTEM32\cfgmgr32.dll
0x000007f9978f0000 - 0x000007f997912000 	C:\Windows\system32\DEVOBJ.dll
0x0000000068c70000 - 0x0000000068c7f000 	D:\vivado\SDK\2016.1\tps\win64\jre\bin\verify.dll
0x0000000068c40000 - 0x0000000068c69000 	D:\vivado\SDK\2016.1\tps\win64\jre\bin\java.dll
0x0000000068c20000 - 0x0000000068c36000 	D:\vivado\SDK\2016.1\tps\win64\jre\bin\zip.dll
0x000007f9982e0000 - 0x000007f9995c5000 	C:\Windows\system32\SHELL32.dll
0x000007f999fb0000 - 0x000007f99a160000 	C:\Windows\SYSTEM32\combase.dll
0x000007f999f40000 - 0x000007f999f90000 	C:\Windows\system32\SHLWAPI.dll
0x000007f995a90000 - 0x000007f995b26000 	C:\Windows\SYSTEM32\SHCORE.dll
0x000007f997840000 - 0x000007f997855000 	C:\Windows\system32\profapi.dll
0x000007f997030000 - 0x000007f99704a000 	C:\Windows\SYSTEM32\CRYPTSP.dll
0x000007f996cd0000 - 0x000007f996d1b000 	C:\Windows\system32\rsaenh.dll
0x000007f997880000 - 0x000007f99789f000 	C:\Windows\system32\USERENV.dll
0x000007f9975f0000 - 0x000007f9975fa000 	C:\Windows\SYSTEM32\CRYPTBASE.dll
0x000007f997590000 - 0x000007f9975ec000 	C:\Windows\SYSTEM32\bcryptPrimitives.dll
0x0000000068c00000 - 0x0000000068c1a000 	D:\vivado\SDK\2016.1\tps\win64\jre\bin\net.dll
0x000007f996fd0000 - 0x000007f99702c000 	C:\Windows\system32\mswsock.dll
0x000007f994bf0000 - 0x000007f994c1a000 	C:\Windows\SYSTEM32\IPHLPAPI.DLL
0x000007f994ad0000 - 0x000007f994ada000 	C:\Windows\SYSTEM32\WINNSI.DLL
0x000007f990c00000 - 0x000007f990c13000 	C:\Windows\SYSTEM32\dhcpcsvc6.DLL
0x000007f990ea0000 - 0x000007f990eb8000 	C:\Windows\SYSTEM32\dhcpcsvc.DLL
0x0000000068be0000 - 0x0000000068bf1000 	D:\vivado\SDK\2016.1\tps\win64\jre\bin\nio.dll
0x000007f999dc0000 - 0x000007f999f3e000 	C:\Windows\system32\ole32.dll
0x000007f98c350000 - 0x000007f98c364000 	C:\Windows\system32\napinsp.dll
0x000007f98c370000 - 0x000007f98c388000 	C:\Windows\system32\pnrpnsp.dll
0x000007f996260000 - 0x000007f996276000 	C:\Windows\system32\NLAapi.dll
0x000007f996e10000 - 0x000007f996eac000 	C:\Windows\SYSTEM32\DNSAPI.dll
0x000007f98c3b0000 - 0x000007f98c3c2000 	C:\Windows\System32\winrnr.dll
0x000007f98c390000 - 0x000007f98c3a4000 	C:\Windows\system32\wshbth.dll
0x000007f98ff80000 - 0x000007f98ff88000 	C:\Windows\System32\rasadhlp.dll
0x000007f990ec0000 - 0x000007f990f21000 	C:\Windows\System32\fwpuclnt.dll
0x000007f999b40000 - 0x000007f999bd6000 	C:\Windows\SYSTEM32\clbcatq.dll
0x000007f999cb0000 - 0x000007f999d73000 	C:\Windows\system32\OLEAUT32.dll
0x000007f988730000 - 0x000007f988911000 	C:\Windows\system32\SogouTSF.ime
0x000007f995340000 - 0x000007f995347000 	C:\Windows\system32\MSIMG32.dll
0x000007f992b50000 - 0x000007f992b7e000 	C:\Windows\SYSTEM32\ntmarta.dll
0x000007f984e60000 - 0x000007f9856f0000 	C:\Windows\system32\SogouPy.ime
0x000007f9944d0000 - 0x000007f994539000 	C:\Windows\SYSTEM32\OLEACC.dll
0x000000001a2b0000 - 0x000000001a38d000 	C:\Program Files (x86)\SogouInput\8.0.0.8051\Resource.dll
0x000007f991510000 - 0x000007f99153a000 	C:\Program Files (x86)\SogouInput\Components\SgAppender\1.0.0.207\SgAppender_Dll64.dll
0x000007f995860000 - 0x000007f995881000 	C:\Windows\SYSTEM32\dwmapi.dll
0x000007f990690000 - 0x000007f9906f7000 	C:\Program Files (x86)\SogouInput\Components\AddressSearch\2.0.1.1379\AddressSearch64.dll
0x000007f987910000 - 0x000007f987b47000 	C:\Program Files (x86)\SogouInput\Components\PicFace\1.0.0.1455\PicFace64.dll
0x000000001d000000 - 0x000000001d0a8000 	C:\Users\Thinkpad\.Xilinx\SDK\2016.1\org.eclipse.osgi\312\0\.cp\swt-win32-4527.dll
0x000007f99a420000 - 0x000007f99a4c1000 	C:\Windows\system32\comdlg32.dll
0x000007f993ed0000 - 0x000007f993f4d000 	C:\Windows\SYSTEM32\WINSPOOL.DRV
0x000007f992140000 - 0x000007f992156000 	C:\Windows\SYSTEM32\USP10.dll
0x000007f998050000 - 0x000007f99827c000 	C:\Windows\system32\WININET.dll
0x000007f997ad0000 - 0x000007f997ca1000 	C:\Windows\system32\CRYPT32.dll
0x000007f997dc0000 - 0x000007f99804e000 	C:\Windows\system32\iertutil.dll
0x000007f997860000 - 0x000007f997876000 	C:\Windows\system32\MSASN1.dll
0x000007f994c20000 - 0x000007f994d7a000 	C:\Windows\SYSTEM32\propsys.dll
0x000000001d0f0000 - 0x000000001d10e000 	C:\Users\Thinkpad\.Xilinx\SDK\2016.1\org.eclipse.osgi\312\0\.cp\swt-gdip-win32-4527.dll
0x000007f98f540000 - 0x000007f98f6e0000 	C:\Windows\WinSxS\amd64_microsoft.windows.gdiplus_6595b64144ccf1df_1.1.9200.16518_none_726fbfe0cc22f012\gdiplus.dll
0x000007f993a00000 - 0x000007f993b93000 	C:\Windows\SYSTEM32\WindowsCodecs.dll
0x000007f9914d0000 - 0x000007f99150e000 	C:\Windows\system32\mlang.dll
0x000007f97cd30000 - 0x000007f97dbec000 	C:\Windows\System32\ieframe.dll
0x000007f99a2b0000 - 0x000007f99a414000 	C:\Windows\system32\urlmon.dll
0x000007f997600000 - 0x000007f9976b2000 	C:\Windows\SYSTEM32\sxs.dll
0x000007f991970000 - 0x000007f991a0e000 	C:\Windows\SYSTEM32\apphelp.dll
0x000007f98acd0000 - 0x000007f98acdb000 	C:\Windows\SYSTEM32\Secur32.dll
0x000007f997560000 - 0x000007f99758d000 	C:\Windows\SYSTEM32\SSPICLI.DLL
0x000007f98f9f0000 - 0x000007f98faa1000 	C:\Windows\SYSTEM32\winhttp.dll
0x000007f97b080000 - 0x000007f97c2ed000 	C:\Windows\System32\mshtml.dll
0x000007f995460000 - 0x000007f99546e000 	C:\Windows\system32\msimtf.dll
0x000007f997750000 - 0x000007f997793000 	C:\Windows\SYSTEM32\powrprof.dll
0x000007f9951b0000 - 0x000007f995224000 	C:\Windows\SYSTEM32\dxgi.dll
0x000007f992a00000 - 0x000007f992b22000 	C:\Windows\System32\uiautomationcore.dll
0x000007f992df0000 - 0x000007f99319e000 	C:\Windows\SYSTEM32\d2d1.dll
0x000007f9945c0000 - 0x000007f994786000 	C:\Windows\SYSTEM32\DWrite.dll
0x000007f994fb0000 - 0x000007f9951ab000 	C:\Windows\SYSTEM32\d3d11.dll
0x000007f983b20000 - 0x000007f983bf4000 	C:\Windows\System32\jscript.dll
0x000007f986cc0000 - 0x000007f986cfa000 	C:\Windows\SYSTEM32\msls31.dll
0x000007f9803e0000 - 0x000007f980421000 	C:\Windows\system32\windowscodecsext.dll
0x000007f992160000 - 0x000007f992171000 	C:\Users\Thinkpad\.Xilinx\SDK\2016.1\org.eclipse.osgi\129\0\.cp\jWinHttp-1.0.0.dll
0x0000000180000000 - 0x0000000180012000 	C:\Users\Thinkpad\.Xilinx\SDK\2016.1\org.eclipse.osgi\126\0\.cp\os\win32\x86_64\localfile_1_0_0.dll
0x000007f995350000 - 0x000007f99535f000 	D:\vivado\SDK\2016.1\lib\win64.o\librdi_repo_manager.dll
0x000007f985bf0000 - 0x000007f985c1a000 	D:\vivado\SDK\2016.1\lib\win64.o\libisl_sysinfo.dll
0x000007f942170000 - 0x000007f942baf000 	D:\vivado\SDK\2016.1\lib\win64.o\librdi_common.dll
0x000007f9859b0000 - 0x000007f985a04000 	D:\vivado\SDK\2016.1\lib\win64.o\librdi_commonxillic.dll
0x000007f944340000 - 0x000007f944531000 	D:\vivado\SDK\2016.1\lib\win64.o\librdi_hsm.dll
0x000007f984700000 - 0x000007f9847a7000 	C:\Windows\SYSTEM32\MSVCP110.dll
0x000007f9848c0000 - 0x000007f984994000 	C:\Windows\SYSTEM32\MSVCR110.dll
0x000007f943fd0000 - 0x000007f94433e000 	D:\vivado\SDK\2016.1\lib\win64.o\libCOIN-all.dll
0x000007f943db0000 - 0x000007f943fcf000 	D:\vivado\SDK\2016.1\lib\win64.o\libXil_lmgr11.dll
0x000007f9936d0000 - 0x000007f9936e0000 	D:\vivado\SDK\2016.1\lib\win64.o\libboost_date_time.dll
0x000007f9857a0000 - 0x000007f9857c4000 	D:\vivado\SDK\2016.1\lib\win64.o\libboost_filesystem.dll
0x000007f982220000 - 0x000007f982297000 	D:\vivado\SDK\2016.1\lib\win64.o\libboost_program_options.dll
0x000007f9808d0000 - 0x000007f9809d6000 	D:\vivado\SDK\2016.1\lib\win64.o\libboost_regex.dll
0x000007f991f30000 - 0x000007f991f43000 	D:\vivado\SDK\2016.1\lib\win64.o\libboost_signals.dll
0x000007f991f00000 - 0x000007f991f09000 	D:\vivado\SDK\2016.1\lib\win64.o\libboost_system.dll
0x000007f9916f0000 - 0x000007f99170d000 	D:\vivado\SDK\2016.1\lib\win64.o\libboost_thread.dll
0x000007f991bd0000 - 0x000007f991bdb000 	D:\vivado\SDK\2016.1\lib\win64.o\libboost_xilinx.dll
0x000007f981d90000 - 0x000007f981e10000 	D:\vivado\SDK\2016.1\lib\win64.o\libhdlpsolve.dll
0x000007f97f3d0000 - 0x000007f97f46a000 	D:\vivado\SDK\2016.1\lib\win64.o\libhdxml.dll
0x000007f941d30000 - 0x000007f94216d400 	D:\vivado\SDK\2016.1\lib\win64.o\libisl_iostreams.dll
0x000007f9916b0000 - 0x000007f9916c5000 	D:\vivado\SDK\2016.1\lib\win64.o\pthreadVC2.dll
0x000007f97f0d0000 - 0x000007f97f200000 	D:\vivado\SDK\2016.1\lib\win64.o\librdi_curl.dll
0x000007f98a4d0000 - 0x000007f98a4e8000 	D:\vivado\SDK\2016.1\lib\win64.o\librdiconfig.dll
0x000007f984bf0000 - 0x000007f984c13000 	D:\vivado\SDK\2016.1\lib\win64.o\librdizlib.dll
0x0000000068c80000 - 0x0000000068da7000 	D:\vivado\SDK\2016.1\lib\win64.o\tcl85t.dll
0x000000002b100000 - 0x000000002b363000 	D:\vivado\SDK\2016.1\lib\win64.o\xerces-c_3_1.dll
0x000007f984610000 - 0x000007f984633000 	C:\Windows\SYSTEM32\VCOMP110.DLL
0x000007f984a70000 - 0x000007f984ab2000 	D:\vivado\SDK\2016.1\lib\win64.o\librdi_hdf.dll

VM Arguments:
jvm_args: -Dcom.xilinx.sdk.args.hwspec=d:/Digilent/HIT_summer/B3_workshop/Lab5/MB_Uart/Src/prj/MB_Uart.sdk/design_1_wrapper.hdf -Xms64m -Xmx512m & 
java_command: <unknown>
java_class_path (initial): D:\vivado\SDK\2016.1\eclipse\win64.o\\plugins/org.eclipse.equinox.launcher_1.3.100.v20150511-1540.jar
Launcher Type: generic

Environment Variables:
USERNAME=Thinkpad
OS=Windows_NT
PROCESSOR_IDENTIFIER=Intel64 Family 6 Model 58 Stepping 9, GenuineIntel



---------------  S Y S T E M  ---------------

OS: Windows 8 , 64 bit Build 9200 (6.2.9200.16859)

CPU:total 4 (2 cores per cpu, 2 threads per core) family 6 model 58 stepping 9, cmov, cx8, fxsr, mmx, sse, sse2, sse3, ssse3, sse4.1, sse4.2, popcnt, avx, aes, clmul, erms, ht, tsc, tscinvbit, tscinv

Memory: 4k page, physical 8218316k(3665648k free), swap 16606924k(6245316k free)

vm_info: Java HotSpot(TM) 64-Bit Server VM (25.66-b18) for windows-amd64 JRE (1.8.0_66-b18), built on Nov  9 2015 10:51:13 by "java_re" with MS VC++ 10.0 (VS2010)

time: Fri Jul 15 23:58:42 2016
elapsed time: 1106 seconds (0d 0h 18m 26s)

