#-----------------------------------------------------------
# Webtalk v2016.1 (64-bit)
# SW Build 1538259 on Fri Apr  8 15:45:27 MDT 2016
# 
# Start of session at: Sat Jul 16 15:51:32 2016
# Process ID: 11616
# Current directory: D:/Digilent/HIT_summer/B3_workshop/Lab5/MB_Uart/Src/prj/MB_Uart.sdk/webtalk
# Command line: wbtcv.exe -mode batch -source sdk_webtalk.tcl
# Log file: D:/Digilent/HIT_summer/B3_workshop/Lab5/MB_Uart/Src/prj/MB_Uart.sdk/webtalk/webtalk.log
# Journal file: D:/Digilent/HIT_summer/B3_workshop/Lab5/MB_Uart/Src/prj/MB_Uart.sdk/webtalk\webtalk.jou
#-----------------------------------------------------------
source sdk_webtalk.tcl
# webtalk_init -webtalk_dir D:\\Digilent\\HIT_summer\\B3_workshop\\Lab5\\MB_Uart\\Src\\prj\\MB_Uart.sdk\\webtalk
# webtalk_register_client -client project
# webtalk_add_data -client project -key date_generated -value "ÐÇÆÚÁù ÆßÔÂ 16 15:51:31 2016" -context "software_version_and_target_device"
# webtalk_add_data -client project -key product_version -value "SDK v2016.1" -context "software_version_and_target_device"
# webtalk_add_data -client project -key build_version -value "2016.1" -context "software_version_and_target_device"
# webtalk_add_data -client project -key os_platform -value "amd64" -context "software_version_and_target_device"
# webtalk_add_data -client project -key registration_id -value "" -context "software_version_and_target_device"
# webtalk_add_data -client project -key tool_flow -value "SDK" -context "software_version_and_target_device"
# webtalk_add_data -client project -key beta -value "false" -context "software_version_and_target_device"
# webtalk_add_data -client project -key route_design -value "NA" -context "software_version_and_target_device"
# webtalk_add_data -client project -key target_family -value "NA" -context "software_version_and_target_device"
# webtalk_add_data -client project -key target_device -value "NA" -context "software_version_and_target_device"
# webtalk_add_data -client project -key target_package -value "NA" -context "software_version_and_target_device"
# webtalk_add_data -client project -key target_speed -value "NA" -context "software_version_and_target_device"
# webtalk_add_data -client project -key random_id -value "2ahon65855kuqi5pjgucr1ren1" -context "software_version_and_target_device"
# webtalk_add_data -client project -key project_id -value "2016.1_2" -context "software_version_and_target_device"
# webtalk_add_data -client project -key project_iteration -value "2" -context "software_version_and_target_device"
# webtalk_add_data -client project -key os_name -value "" -context "user_environment"
# webtalk_add_data -client project -key os_release -value "" -context "user_environment"
# webtalk_add_data -client project -key cpu_name -value "" -context "user_environment"
# webtalk_add_data -client project -key cpu_speed -value "" -context "user_environment"
# webtalk_add_data -client project -key total_processors -value "" -context "user_environment"
# webtalk_add_data -client project -key system_ram -value "" -context "user_environment"
# webtalk_register_client -client sdk
# webtalk_add_data -client sdk -key uid -value "1468640166986" -context "sdk\\\\hardware/1468640166986"
# webtalk_add_data -client sdk -key isZynq -value "false" -context "sdk\\\\hardware/1468640166986"
# webtalk_add_data -client sdk -key Processors -value "1" -context "sdk\\\\hardware/1468640166986"
# webtalk_add_data -client sdk -key VivadoVersion -value "2016.1" -context "sdk\\\\hardware/1468640166986"
# webtalk_add_data -client sdk -key Arch -value "artix7" -context "sdk\\\\hardware/1468640166986"
# webtalk_add_data -client sdk -key Device -value "7a35t" -context "sdk\\\\hardware/1468640166986"
# webtalk_add_data -client sdk -key IsHandoff -value "true" -context "sdk\\\\hardware/1468640166986"
# webtalk_transmit -clientid 2782263245 -regid "" -xml D:\\Digilent\\HIT_summer\\B3_workshop\\Lab5\\MB_Uart\\Src\\prj\\MB_Uart.sdk\\webtalk\\usage_statistics_ext_sdk.xml -html D:\\Digilent\\HIT_summer\\B3_workshop\\Lab5\\MB_Uart\\Src\\prj\\MB_Uart.sdk\\webtalk\\usage_statistics_ext_sdk.html -wdm D:\\Digilent\\HIT_summer\\B3_workshop\\Lab5\\MB_Uart\\Src\\prj\\MB_Uart.sdk\\webtalk\\sdk_webtalk.wdm -intro "<H3>SDK Usage Report</H3><BR>"
# webtalk_terminate
INFO: [Common 17-206] Exiting Webtalk at Sat Jul 16 15:51:40 2016...
